<?xml version="1.0" encoding="UTF-8"?>
<!-- Generated by org.testng.reporters.JUnitReportReporter -->
<testsuite hostname="C02HG884Q6L5" failures="0" tests="4" name="com.javapoint.controllerTest.UserControllerTest" time="0.510" errors="0" timestamp="2022-12-19T13:19:22 IST" skipped="0">
  <testcase classname="com.javapoint.controllerTest.UserControllerTest" name="updateUser" time="0.132"/>
  <system-out/>
  <testcase classname="com.javapoint.controllerTest.UserControllerTest" name="getUser" time="0.114"/>
  <system-out/>
  <testcase classname="com.javapoint.controllerTest.UserControllerTest" name="deleteUser" time="0.117"/>
  <system-out/>
  <testcase classname="com.javapoint.controllerTest.UserControllerTest" name="addUser" time="0.147"/>
  <system-out/>
</testsuite> <!-- com.javapoint.controllerTest.UserControllerTest -->
