<?xml version="1.0" encoding="UTF-8"?>
<!-- Generated by org.testng.reporters.JUnitReportReporter -->
<testsuite hostname="C02HG884Q6L5" failures="0" tests="4" name="com.javapoint.controllerTest.ReviewControllerTest" time="0.987" errors="0" timestamp="2022-12-19T13:19:22 IST" skipped="0">
  <testcase classname="com.javapoint.controllerTest.ReviewControllerTest" name="updateReview" time="0.143"/>
  <system-out/>
  <testcase classname="com.javapoint.controllerTest.ReviewControllerTest" name="getReview" time="0.117"/>
  <system-out/>
  <testcase classname="com.javapoint.controllerTest.ReviewControllerTest" name="deleteReview" time="0.122"/>
  <system-out/>
  <testcase classname="com.javapoint.controllerTest.ReviewControllerTest" name="addReview" time="0.605"/>
  <system-out/>
</testsuite> <!-- com.javapoint.controllerTest.ReviewControllerTest -->
