<?xml version="1.0" encoding="UTF-8"?>
<!-- Generated by org.testng.reporters.JUnitReportReporter -->
<testsuite hostname="C02HG884Q6L5" failures="0" tests="4" name="com.javapoint.controllerTest.RoleControllerTest" time="0.469" errors="0" timestamp="2022-12-19T13:19:22 IST" skipped="0">
  <testcase classname="com.javapoint.controllerTest.RoleControllerTest" name="deleteRole" time="0.113"/>
  <system-out/>
  <testcase classname="com.javapoint.controllerTest.RoleControllerTest" name="updateRole" time="0.116"/>
  <system-out/>
  <testcase classname="com.javapoint.controllerTest.RoleControllerTest" name="addRole" time="0.126"/>
  <system-out/>
  <testcase classname="com.javapoint.controllerTest.RoleControllerTest" name="getRole" time="0.114"/>
  <system-out/>
</testsuite> <!-- com.javapoint.controllerTest.RoleControllerTest -->
