<?xml version="1.0" encoding="UTF-8"?>
<!-- Generated by org.testng.reporters.JUnitReportReporter -->
<testsuite hostname="C02HG884Q6L5" failures="0" tests="4" name="com.javapoint.controller.UserControllerTest" time="0.497" errors="0" timestamp="2022-12-14T20:36:17 IST" skipped="0">
  <testcase classname="com.javapoint.controller.UserControllerTest" name="deleteUser" time="0.123"/>
  <system-out/>
  <testcase classname="com.javapoint.controller.UserControllerTest" name="addUser" time="0.134"/>
  <system-out/>
  <testcase classname="com.javapoint.controller.UserControllerTest" name="updateUser" time="0.119"/>
  <system-out/>
  <testcase classname="com.javapoint.controller.UserControllerTest" name="getUser" time="0.121"/>
  <system-out/>
</testsuite> <!-- com.javapoint.controller.UserControllerTest -->
