<?xml version="1.0" encoding="UTF-8"?>
<!-- Generated by org.testng.reporters.JUnitReportReporter -->
<testsuite hostname="C02HG884Q6L5" failures="0" tests="4" name="com.javapoint.controller.MovieControllerTest" time="0.931" errors="0" timestamp="2022-12-14T20:36:17 IST" skipped="0">
  <testcase classname="com.javapoint.controller.MovieControllerTest" name="addMovie" time="0.509"/>
  <system-out/>
  <testcase classname="com.javapoint.controller.MovieControllerTest" name="deleteMovie" time="0.123"/>
  <system-out/>
  <testcase classname="com.javapoint.controller.MovieControllerTest" name="getMovie" time="0.138"/>
  <system-out/>
  <testcase classname="com.javapoint.controller.MovieControllerTest" name="updateMovie" time="0.161"/>
  <system-out/>
</testsuite> <!-- com.javapoint.controller.MovieControllerTest -->
