<?xml version="1.0" encoding="UTF-8"?>
<!-- Generated by org.testng.reporters.JUnitReportReporter -->
<testsuite hostname="C02HG884Q6L5" failures="0" tests="4" name="com.javapoint.controller.ReviewControllerTest" time="0.512" errors="0" timestamp="2022-12-14T20:36:17 IST" skipped="0">
  <testcase classname="com.javapoint.controller.ReviewControllerTest" name="addReview" time="0.143"/>
  <system-out/>
  <testcase classname="com.javapoint.controller.ReviewControllerTest" name="updateReview" time="0.131"/>
  <system-out/>
  <testcase classname="com.javapoint.controller.ReviewControllerTest" name="deleteReview" time="0.115"/>
  <system-out/>
  <testcase classname="com.javapoint.controller.ReviewControllerTest" name="getReview" time="0.123"/>
  <system-out/>
</testsuite> <!-- com.javapoint.controller.ReviewControllerTest -->
