<?xml version="1.0" encoding="UTF-8"?>
<!-- Generated by org.testng.reporters.JUnitReportReporter -->
<testsuite hostname="C02HG884Q6L5" failures="0" tests="4" name="com.javapoint.controllerTest.MovieControllerTest" time="0.524" errors="0" timestamp="2022-12-19T13:19:22 IST" skipped="0">
  <testcase classname="com.javapoint.controllerTest.MovieControllerTest" name="addMovie" time="0.142"/>
  <system-out/>
  <testcase classname="com.javapoint.controllerTest.MovieControllerTest" name="deleteMovie" time="0.129"/>
  <system-out/>
  <testcase classname="com.javapoint.controllerTest.MovieControllerTest" name="updateMovie" time="0.129"/>
  <system-out/>
  <testcase classname="com.javapoint.controllerTest.MovieControllerTest" name="getMovie" time="0.124"/>
  <system-out/>
</testsuite> <!-- com.javapoint.controllerTest.MovieControllerTest -->
