<?xml version="1.0" encoding="UTF-8"?>
<!-- Generated by org.testng.reporters.JUnitReportReporter -->
<testsuite hostname="C02HG884Q6L5" failures="0" tests="4" name="com.javapoint.controller.RoleControllerTest" time="0.489" errors="0" timestamp="2022-12-14T20:36:17 IST" skipped="0">
  <testcase classname="com.javapoint.controller.RoleControllerTest" name="addRole" time="0.127"/>
  <system-out/>
  <testcase classname="com.javapoint.controller.RoleControllerTest" name="getRole" time="0.121"/>
  <system-out/>
  <testcase classname="com.javapoint.controller.RoleControllerTest" name="deleteRole" time="0.117"/>
  <system-out/>
  <testcase classname="com.javapoint.controller.RoleControllerTest" name="updateRole" time="0.124"/>
  <system-out/>
</testsuite> <!-- com.javapoint.controller.RoleControllerTest -->
