<?xml version="1.0" encoding="UTF-8"?>
<!-- Generated by org.testng.reporters.JUnitReportReporter -->
<testsuite hostname="C02HG884Q6L5" failures="0" tests="4" name="com.javapoint.controllerTest.ActorControllerTest" time="0.535" errors="0" timestamp="2022-12-19T13:19:22 IST" skipped="0">
  <testcase classname="com.javapoint.controllerTest.ActorControllerTest" name="deleteActor" time="0.136"/>
  <system-out/>
  <testcase classname="com.javapoint.controllerTest.ActorControllerTest" name="getActor" time="0.141"/>
  <system-out/>
  <testcase classname="com.javapoint.controllerTest.ActorControllerTest" name="updateActor" time="0.131"/>
  <system-out/>
  <testcase classname="com.javapoint.controllerTest.ActorControllerTest" name="addActor" time="0.127"/>
  <system-out/>
</testsuite> <!-- com.javapoint.controllerTest.ActorControllerTest -->
